This is pdfTeX, Version 3.141592653-2.6-1.40.24 (TeX Live 2022) (preloaded format=pdflatex 2023.7.10)  11 JUL 2024 12:36
entering extended mode
 restricted \write18 enabled.
 %&-line parsing enabled.
**LT-1.tex
(./LT-1.tex
LaTeX2e <2021-11-15> patch level 1
L3 programming layer <2022-02-24>

! LaTeX Error: Environment ex undefined.

See the LaTeX manual or LaTeX Companion for explanation.
Type  H <return>  for immediate help.
 ...                                              
                                                  
l.5 \renewenvironment{ex}
                         [1][]{
Try typing  <return>  to proceed.
If that doesn't work, type  X <return>  to quit.


! LaTeX Error: Environment bt undefined.

See the LaTeX manual or LaTeX Companion for explanation.
Type  H <return>  for immediate help.
 ...                                              
                                                  
l.15 \renewenvironment{bt}
                          [1][]{
Try typing  <return>  to proceed.
If that doesn't work, type  X <return>  to quit.


! LaTeX Error: Environment vd undefined.

See the LaTeX manual or LaTeX Companion for explanation.
Type  H <return>  for immediate help.
 ...                                              
                                                  
l.25 \renewenvironment{vd}
                          [1][]{
Try typing  <return>  to proceed.
If that doesn't work, type  X <return>  to quit.


! LaTeX Error: Command \dotlinefull undefined.

See the LaTeX manual or LaTeX Companion for explanation.
Type  H <return>  for immediate help.
 ...                                              
                                                  
l.38 \renewcommand{\dotlinefull}
                                [1]{
Try typing  <return>  to proceed.
If that doesn't work, type  X <return>  to quit.

\c@sttexx=\count185

! LaTeX Error: Command \inputansbox undefined.

See the LaTeX manual or LaTeX Companion for explanation.
Type  H <return>  for immediate help.
 ...                                              
                                                  
l.125 \renewcommand{\inputansbox}
                                 [2]{
Try typing  <return>  to proceed.
If that doesn't work, type  X <return>  to quit.

)
! Emergency stop.
<*> LT-1.tex
            
*** (job aborted, no legal \end found)

 
Here is how much of TeX's memory you used:
 99 strings out of 478268
 1684 string characters out of 5850345
 289416 words of memory out of 5000000
 18408 multiletter control sequences out of 15000+600000
 469259 words of font info for 28 fonts, out of 8000000 for 9000
 1141 hyphenation exceptions out of 8191
 14i,0n,20p,105b,14s stack positions out of 10000i,1000n,20000p,200000b,200000s
!  ==> Fatal error occurred, no output PDF file produced!
